[14:33:41][D][xiaomi_ble:093]: parse_xiaomi_service_data(): data packet received. 
[14:33:41][D][xiaomi_ble:094]: Packet : 71.20.98.00.18.01.B1.88.CA.EA.80.0D.09.10.02.9B.08 (17) 
[14:33:41][D][xiaomi_ble:191]: Got Xiaomi HHCCJCY01 (80:EA:CA:88:B1:01): 
[14:33:41][D][xiaomi_ble:203]: Conductivity: 2203µS/cm 
[14:33:41][D][xiaomi_ble:222]: XiaomiListener::parse_device(): res.has_value: true 
[14:33:41][D][xiaomi_ble:093]: parse_xiaomi_service_data(): data packet received. 
[14:33:41][D][xiaomi_ble:094]: Packet : 71.20.98.00.18.01.B1.88.CA.EA.80.0D.09.10.02.9B.08 (17) 
[14:33:41][D][xiaomi_ble:191]: Got Xiaomi HHCCJCY01 (80:EA:CA:88:B1:01): 
[14:33:41][D][xiaomi_ble:203]: Conductivity: 2203µS/cm 
[14:33:41][D][sensor:092]: 'Kalanchoe Soil Conductivity': Sending state 2203.00000 µS/cm with 0 decimals of accuracy 
[14:33:42][D][xiaomi_ble:089]: parse_xiaomi_service_data(): service data too short (12)! 
[14:33:47][D][xiaomi_ble:093]: parse_xiaomi_service_data(): data packet received. 
[14:33:47][D][xiaomi_ble:094]: Packet : 71.20.98.00.CD.EE.1D.6B.8D.7C.C4.0D.07.10.03.E7.06.00 (18) 
[14:33:47][D][xiaomi_ble:191]: Got Xiaomi HHCCJCY01 (C4:7C:8D:6B:1D:EE): 
[14:33:47][D][xiaomi_ble:206]: Illuminance: 1767lx 
[14:33:47][D][xiaomi_ble:222]: XiaomiListener::parse_device(): res.has_value: true 
[14:33:47][D][xiaomi_ble:093]: parse_xiaomi_service_data(): data packet received. 
[14:33:47][D][xiaomi_ble:094]: Packet : 71.20.98.00.CD.EE.1D.6B.8D.7C.C4.0D.07.10.03.E7.06.00 (18) 
[14:33:47][D][xiaomi_ble:191]: Got Xiaomi HHCCJCY01 (C4:7C:8D:6B:1D:EE): 
[14:33:47][D][xiaomi_ble:206]: Illuminance: 1767lx 
[14:33:47][D][sensor:092]: 'Jezyk Illuminance': Sending state 1767.00000 lx with 0 decimals of accuracy 
[14:33:49][D][xiaomi_ble:093]: parse_xiaomi_service_data(): data packet received. 
[14:33:49][D][xiaomi_ble:094]: Packet : 71.20.98.00.19.01.B1.88.CA.EA.80.0D.04.10.02.C4.00 (17) 
[14:33:49][D][xiaomi_ble:191]: Got Xiaomi HHCCJCY01 (80:EA:CA:88:B1:01): 
[14:33:49][D][xiaomi_ble:194]: Temperature: 19.6°C 
[14:33:49][D][xiaomi_ble:222]: XiaomiListener::parse_device(): res.has_value: true 
[14:33:49][D][xiaomi_ble:093]: parse_xiaomi_service_data(): data packet received. 
[14:33:49][D][xiaomi_ble:094]: Packet : 71.20.98.00.19.01.B1.88.CA.EA.80.0D.04.10.02.C4.00 (17) 
[14:33:49][D][xiaomi_ble:191]: Got Xiaomi HHCCJCY01 (80:EA:CA:88:B1:01): 
[14:33:49][D][xiaomi_ble:194]: Temperature: 19.6°C 
[14:33:49][D][sensor:092]: 'Kalanchoe Temperature': Sending state 19.60000 °C with 1 decimals of accuracy 
[14:33:53][D][xiaomi_ble:089]: parse_xiaomi_service_data(): service data too short (12)! 
[14:33:53][D][xiaomi_ble:266]: decrypt_xiaomi_payload(): not a data frame! 
[14:33:53][D][xiaomi_ble:267]: Packet : 30.58.5B.05.7C.6F.D4.25.38.C1.A4.08 (12) 
[14:33:54][D][xiaomi_ble:089]: parse_xiaomi_service_data(): service data too short (12)! 
[14:33:54][D][xiaomi_ble:266]: decrypt_xiaomi_payload(): not a data frame! 
[14:33:54][D][xiaomi_ble:267]: Packet : 30.58.5B.05.C1.7B.25.2B.38.C1.A4.08 (12) 
[14:33:55][D][xiaomi_ble:089]: parse_xiaomi_service_data(): service data too short (12)! 
[14:33:55][D][xiaomi_ble:266]: decrypt_xiaomi_payload(): not a data frame! 
[14:33:55][D][xiaomi_ble:267]: Packet : 30.58.5B.05.4F.3D.44.B4.38.C1.A4.08 (12) 
[14:34:00][D][xiaomi_ble:089]: parse_xiaomi_service_data(): service data too short (12)! 
[14:34:00][D][xiaomi_ble:266]: decrypt_xiaomi_payload(): not a data frame! 
[14:34:00][D][xiaomi_ble:267]: Packet : 30.58.5B.05.7C.6F.D4.25.38.C1.A4.08 (12) 
[14:34:03][D][xiaomi_ble:089]: parse_xiaomi_service_data(): service data too short (12)! 
[14:34:03][D][xiaomi_ble:266]: decrypt_xiaomi_payload(): not a data frame! 
[14:34:03][D][xiaomi_ble:267]: Packet : 30.58.5B.05.A3.26.4A.43.38.C1.A4.08 (12) 
[14:34:05][D][xiaomi_ble:089]: parse_xiaomi_service_data(): service data too short (12)! 
[14:34:05][D][xiaomi_ble:266]: decrypt_xiaomi_payload(): not a data frame! 
[14:34:05][D][xiaomi_ble:267]: Packet : 30.58.5B.05.7C.6F.D4.25.38.C1.A4.08 (12) 
[14:34:06][D][xiaomi_ble:093]: parse_xiaomi_service_data(): data packet received. 
[14:34:06][D][xiaomi_ble:094]: Packet : 71.20.98.00.1B.01.B1.88.CA.EA.80.0D.08.10.01.33 (16) 
[14:34:06][D][xiaomi_ble:191]: Got Xiaomi HHCCJCY01 (80:EA:CA:88:B1:01): 
[14:34:06][D][xiaomi_ble:209]: Moisture: 51% 
[14:34:06][D][xiaomi_ble:222]: XiaomiListener::parse_device(): res.has_value: true 
[14:34:06][D][xiaomi_ble:093]: parse_xiaomi_service_data(): data packet received. 
[14:34:06][D][xiaomi_ble:094]: Packet : 71.20.98.00.1B.01.B1.88.CA.EA.80.0D.08.10.01.33 (16) 
[14:34:06][D][xiaomi_ble:191]: Got Xiaomi HHCCJCY01 (80:EA:CA:88:B1:01): 
[14:34:06][D][xiaomi_ble:209]: Moisture: 51% 
[14:34:06][D][sensor:092]: 'Kalanchoe Moisture': Sending state 51.00000 % with 0 decimals of accuracy 
[14:34:08][D][xiaomi_ble:093]: parse_xiaomi_service_data(): data packet received. 
[14:34:08][D][xiaomi_ble:094]: Packet : 58.58.5B.05.50.3D.44.B4.38.C1.A4.08.37.56.48.47.5E.00.00.4C.DD.A4.F3 (23) 
[14:34:08][D][xiaomi_ble:119]: parse_xiaomi_service_data(): encrypted packet received. 
[14:34:08][D][xiaomi_ble:093]: parse_xiaomi_service_data(): data packet received. 
[14:34:08][D][xiaomi_ble:094]: Packet : 50.58.5B.05.50.3D.44.B4.38.C1.A4.06.10.02.0D.02.5E.00.00.4C.DD.A4.F3 (23) 
[14:34:08][D][xiaomi_ble:191]: Got Xiaomi LYWSD03MMC (A4:C1:38:B4:44:3D): 
[14:34:08][D][xiaomi_ble:197]: Humidity: 52.5%
